{"type":"server-started","port":59821,"host":"127.0.0.1","url_host":"localhost","url":"http://localhost:59821","screen_dir":"/Users/Nicoj3000/proyectos/landing-page/.superpowers/brainstorm/96776-1779909244/content","state_dir":"/Users/Nicoj3000/proyectos/landing-page/.superpowers/brainstorm/96776-1779909244/state"}
{"type":"screen-added","file":"/Users/Nicoj3000/proyectos/landing-page/.superpowers/brainstorm/96776-1779909244/content/focus-areas.html"}
{"type":"screen-added","file":"/Users/Nicoj3000/proyectos/landing-page/.superpowers/brainstorm/96776-1779909244/content/waiting-1.html"}
{"type":"screen-added","file":"/Users/Nicoj3000/proyectos/landing-page/.superpowers/brainstorm/96776-1779909244/content/test-report.html"}
{"source":"user-event","type":"click","text":"B\n      \n        Seguir y fixear todo junto\n        Registrar el bug y corregirlo junto con el resto de mejoras.","choice":"continue","id":null,"timestamp":1779909791510}
{"source":"user-event","type":"click","text":"B\n      \n        Seguir y fixear todo junto\n        Registrar el bug y corregirlo junto con el resto de mejoras.","choice":"continue","id":null,"timestamp":1779909793595}
{"source":"user-event","type":"click","text":"B\n      \n        Seguir y fixear todo junto\n        Registrar el bug y corregirlo junto con el resto de mejoras.","choice":"continue","id":null,"timestamp":1779909794080}
{"source":"user-event","type":"click","text":"B\n      \n        Seguir y fixear todo junto\n        Registrar el bug y corregirlo junto con el resto de mejoras.","choice":"continue","id":null,"timestamp":1779909794240}
{"source":"user-event","type":"click","text":"B\n      \n        Seguir y fixear todo junto\n        Registrar el bug y corregirlo junto con el resto de mejoras.","choice":"continue","id":null,"timestamp":1779909794868}
{"source":"user-event","type":"click","text":"B\n      \n        Seguir y fixear todo junto\n        Registrar el bug y corregirlo junto con el resto de mejoras.","choice":"continue","id":null,"timestamp":1779909795558}
{"source":"user-event","type":"click","text":"B\n      \n        Seguir y fixear todo junto\n        Registrar el bug y corregirlo junto con el resto de mejoras.","choice":"continue","id":null,"timestamp":1779909796240}
{"source":"user-event","type":"click","text":"B\n      \n        Seguir y fixear todo junto\n        Registrar el bug y corregirlo junto con el resto de mejoras.","choice":"continue","id":null,"timestamp":1779909797290}
{"source":"user-event","type":"click","text":"B\n      \n        Seguir y fixear todo junto\n        Registrar el bug y corregirlo junto con el resto de mejoras.","choice":"continue","id":null,"timestamp":1779909797614}
{"source":"user-event","type":"click","text":"B\n      \n        Seguir y fixear todo junto\n        Registrar el bug y corregirlo junto con el resto de mejoras.","choice":"continue","id":null,"timestamp":1779909798072}
{"source":"user-event","type":"click","text":"B\n      \n        Seguir y fixear todo junto\n        Registrar el bug y corregirlo junto con el resto de mejoras.","choice":"continue","id":null,"timestamp":1779909799360}
{"source":"user-event","type":"click","text":"B\n      \n        Seguir y fixear todo junto\n        Registrar el bug y corregirlo junto con el resto de mejoras.","choice":"continue","id":null,"timestamp":1779909799960}
{"source":"user-event","type":"click","text":"B\n      \n        Seguir y fixear todo junto\n        Registrar el bug y corregirlo junto con el resto de mejoras.","choice":"continue","id":null,"timestamp":1779909800275}
{"type":"screen-added","file":"/Users/Nicoj3000/proyectos/landing-page/.superpowers/brainstorm/96776-1779909244/content/perf-report.html"}
{"type":"screen-added","file":"/Users/Nicoj3000/proyectos/landing-page/.superpowers/brainstorm/96776-1779909244/content/opt-done.html"}
{"source":"user-event","type":"click","text":"A\n      \n        Rediseño del Hero\n        La foto circular + texto está bien, pero podría ser más impactante. Layout, tipografía, CTA más fuerte.","choice":"hero","id":null,"timestamp":1779910528053}
{"type":"screen-added","file":"/Users/Nicoj3000/proyectos/landing-page/.superpowers/brainstorm/96776-1779909244/content/hero-direction.html"}
{"source":"user-event","type":"click","text":"Nicolás Delgado\n      IngenieroFullstack ·\n      TypeScript · Next.js · Node.js\n      \n        Ver trabajo\n        Descargar CV\n      \n    \n    \n      Bold & Directo\n      Nombre + título grande sin animación. Stack visible arriba. Jerárquico, fácil de leer en 3 segundos. Más serio/profesional.","choice":"bold","id":null,"timestamp":1779910613687}
{"source":"user-event","type":"click","text":"Nicolás Delgado\n      IngenieroFullstack ·\n      TypeScript · Next.js · Node.js\n      \n        Ver trabajo\n        Descargar CV\n      \n    \n    \n      Bold & Directo\n      Nombre + título grande sin animación. Stack visible arriba. Jerárquico, fácil de leer en 3 segundos. Más serio/profesional.","choice":"bold","id":null,"timestamp":1779910615088}
{"source":"user-event","type":"click","text":"N\n      \n        Hola, soy\n        Nicolás Delgado\n        Fullstack · Arquitectura TI · Mentoría\n        Construyo productos digitales de alto impacto y lidero equipos hacia soluciones escalables.\n        \n          Trabajemos juntos\n        \n      \n    \n    \n      Personal & Cercano\n      \"Hola soy Nicolás\" + foto prominente. CTA más conversacional. Genera confianza. Ideal si buscás clientes freelance.","choice":"personal","id":null,"timestamp":1779910616250}
{"source":"user-event","type":"click","text":"Nicolás Delgado\n      IngenieroFullstack ·\n      TypeScript · Next.js · Node.js\n      \n        Ver trabajo\n        Descargar CV\n      \n    \n    \n      Bold & Directo\n      Nombre + título grande sin animación. Stack visible arriba. Jerárquico, fácil de leer en 3 segundos. Más serio/profesional.","choice":"bold","id":null,"timestamp":1779910643405}
{"type":"screen-added","file":"/Users/Nicoj3000/proyectos/landing-page/.superpowers/brainstorm/96776-1779909244/content/hero-scaling.html"}
{"type":"screen-added","file":"/Users/Nicoj3000/proyectos/landing-page/.superpowers/brainstorm/96776-1779909244/content/magicui-placement.html"}
{"source":"user-event","type":"click","text":"A\n      \n        Perfecto, implementalo así\n        About Me, dos columnas, Icon Cloud + Globe. Seguimos.","choice":"yes","id":null,"timestamp":1779911870287}
{"type":"server-stopped","reason":"idle timeout"}
